{"level":"error","message":"password invalido"}
{"level":"error","message":"Usuario no encontrado"}
{"level":"error","message":"Usuario no encontrado"}
{"level":"error","message":"Error al registrar usuario. TypeError: Cannot read properties of undefined (reading 'isModified')"}
{"level":"error","message":"Error al registrar usuario. TypeError: Cannot read properties of undefined (reading 'isModified')"}
{"level":"error","message":"Usuario no encontrado"}
{"level":"error","message":"Error al registrar usuario. TypeError: Cannot read properties of undefined (reading 'isModified')"}
{"level":"error","message":"Error al registrar usuario. ReferenceError: logger is not defined"}
{"level":"error","message":"Error al registrar usuario. TypeError: Cannot read properties of undefined (reading 'isModified')"}
{"level":"error","message":"Error al obtener producto. CastError: Cast to ObjectId failed for value \"index.js\" (type string) at path \"_id\" for model \"products\""}
{"level":"error","message":"Error al obtener producto. CastError: Cast to ObjectId failed for value \"index.js\" (type string) at path \"_id\" for model \"products\""}
{"level":"error","message":"Error al obtener producto. CastError: Cast to ObjectId failed for value \"2\" (type string) at path \"_id\" for model \"products\""}
{"level":"error","message":"Error al obtener producto. CastError: Cast to ObjectId failed for value \"index.js\" (type string) at path \"_id\" for model \"products\""}
{"level":"error","message":"Error al obtener producto. CastError: Cast to ObjectId failed for value \"index.js\" (type string) at path \"_id\" for model \"products\""}
{"level":"error","message":"Error al obtener producto. CastError: Cast to ObjectId failed for value \"2\" (type string) at path \"_id\" for model \"products\""}
{"level":"error","message":"Error al obtener producto. CastError: Cast to ObjectId failed for value \"index.js\" (type string) at path \"_id\" for model \"products\""}
{"level":"error","message":"Error al obtener producto. CastError: Cast to ObjectId failed for value \"index.js\" (type string) at path \"_id\" for model \"products\""}
{"level":"error","message":"Error al obtener producto. CastError: Cast to ObjectId failed for value \"index.js\" (type string) at path \"_id\" for model \"products\""}
{"level":"error","message":"Error al obtener producto. CastError: Cast to ObjectId failed for value \"index.js\" (type string) at path \"_id\" for model \"products\""}
{"level":"error","message":"Error al obtener producto. CastError: Cast to ObjectId failed for value \"index.js\" (type string) at path \"_id\" for model \"products\""}
{"level":"error","message":"Error al obtener producto. CastError: Cast to ObjectId failed for value \"index.js\" (type string) at path \"_id\" for model \"products\""}
{"level":"error","message":"Error al obtener producto. CastError: Cast to ObjectId failed for value \"index.js\" (type string) at path \"_id\" for model \"products\""}
{"level":"error","message":"Error al obtener producto. CastError: Cast to ObjectId failed for value \"index.js\" (type string) at path \"_id\" for model \"products\""}
{"level":"error","message":"Error al obtener producto. CastError: Cast to ObjectId failed for value \"index.js\" (type string) at path \"_id\" for model \"products\""}
{"level":"error","message":"Error al obtener producto. CastError: Cast to ObjectId failed for value \"index.js\" (type string) at path \"_id\" for model \"products\""}
{"level":"error","message":"Error al obtener producto. CastError: Cast to ObjectId failed for value \"index.js\" (type string) at path \"_id\" for model \"products\""}
{"level":"error","message":"Error al obtener producto. CastError: Cast to ObjectId failed for value \"index.js\" (type string) at path \"_id\" for model \"products\""}
{"level":"error","message":"Error al obtener producto. CastError: Cast to ObjectId failed for value \"index.js\" (type string) at path \"_id\" for model \"products\""}
{"level":"error","message":"Error al obtener producto. CastError: Cast to ObjectId failed for value \"index.js\" (type string) at path \"_id\" for model \"products\""}
{"level":"error","message":"Error al obtener producto. CastError: Cast to ObjectId failed for value \"index.js\" (type string) at path \"_id\" for model \"products\""}
{"level":"error","message":"Error al obtener producto. CastError: Cast to ObjectId failed for value \"index.js\" (type string) at path \"_id\" for model \"products\""}
{"level":"error","message":"Error al obtener producto. CastError: Cast to ObjectId failed for value \"index.js\" (type string) at path \"_id\" for model \"products\""}
{"level":"error","message":"Error al obtener producto. CastError: Cast to ObjectId failed for value \"index.js\" (type string) at path \"_id\" for model \"products\""}
{"level":"error","message":"Error al obtener producto. CastError: Cast to ObjectId failed for value \"index.js\" (type string) at path \"_id\" for model \"products\""}
{"level":"error","message":"Error al obtener producto. CastError: Cast to ObjectId failed for value \"index.js\" (type string) at path \"_id\" for model \"products\""}
{"level":"error","message":"Error al obtener producto. CastError: Cast to ObjectId failed for value \"index.js\" (type string) at path \"_id\" for model \"products\""}
{"level":"error","message":"Erroasdfasdr al obtener producto. CastError: Cast to ObjectId failed for value \"index.js\" (type string) at path \"_id\" for model \"products\""}
{"level":"error","message":"Erroasdfasdr al obtener producto. CastError: Cast to ObjectId failed for value \"623791cba280bc24977250e121235\" (type string) at path \"_id\" for model \"products\""}
{"level":"error","message":"Erroasdfasdr al obtener producto. CastError: Cast to ObjectId failed for value \"index.js\" (type string) at path \"_id\" for model \"products\""}
{"level":"error","message":"Usuario no encontrado"}
{"level":"error","message":"Usuario no encontrado"}
{"level":"error","message":"Usuario no encontrado"}
{"level":"error","message":"Error al generar pedido. ReferenceError: cart is not defined"}
{"level":"error","message":"Error al generar pedido. ReferenceError: cart is not defined"}
{"level":"error","message":"Error al generar pedido. ReferenceError: cart is not defined"}
{"level":"error","message":"Error al generar pedido. ReferenceError: cart is not defined"}
{"level":"error","message":"Error al generar pedido. TypeError: (intermediate value).format is not a function"}
{"level":"error","message":"Error al generar pedido. ReferenceError: cart is not defined"}
{"level":"error","message":"Error al generar pedido. ReferenceError: cart is not defined"}
